{"/home/valter/Documentos/Projetos/ReactClean/src/data/protocols/http/http-response.ts": {"path":"/home/valter/Documentos/Projetos/ReactClean/src/data/protocols/http/http-response.ts","statementMap":{"0":{"start":{"line":1,"column":0},"end":{"line":1,"column":null}},"1":{"start":{"line":2,"column":4},"end":{"line":2,"column":null}},"2":{"start":{"line":3,"column":4},"end":{"line":3,"column":null}},"3":{"start":{"line":4,"column":4},"end":{"line":4,"column":null}},"4":{"start":{"line":5,"column":4},"end":{"line":5,"column":null}},"5":{"start":{"line":6,"column":4},"end":{"line":6,"column":null}},"6":{"start":{"line":7,"column":4},"end":{"line":7,"column":null}}},"fnMap":{"0":{"name":"(anonymous_0)","decl":{"start":{"line":1,"column":0},"end":{"line":1,"column":12}},"loc":{"start":{"line":1,"column":26},"end":{"line":8,"column":1}}}},"branchMap":{"0":{"loc":{"start":{"line":1,"column":12},"end":{"line":1,"column":null}},"type":"binary-expr","locations":[{"start":{"line":1,"column":12},"end":{"line":1,"column":26}},{"start":{"line":1,"column":12},"end":{"line":1,"column":null}}]}},"s":{"0":1,"1":1,"2":1,"3":1,"4":1,"5":1,"6":1},"f":{"0":1},"b":{"0":[1,1]}}
,"/home/valter/Documentos/Projetos/ReactClean/src/data/test/mock-http-client.ts": {"path":"/home/valter/Documentos/Projetos/ReactClean/src/data/test/mock-http-client.ts","statementMap":{"0":{"start":{"line":2,"column":0},"end":{"line":2,"column":81}},"1":{"start":{"line":7,"column":4},"end":{"line":9,"column":null}},"2":{"start":{"line":12,"column":8},"end":{"line":12,"column":null}},"3":{"start":{"line":13,"column":8},"end":{"line":13,"column":null}},"4":{"start":{"line":14,"column":8},"end":{"line":14,"column":null}},"5":{"start":{"line":4,"column":0},"end":{"line":4,"column":13}}},"fnMap":{"0":{"name":"(anonymous_7)","decl":{"start":{"line":4,"column":0},"end":{"line":4,"column":13}},"loc":{"start":{"line":4,"column":0},"end":{"line":16,"column":1}}},"1":{"name":"(anonymous_8)","decl":{"start":{"line":11,"column":10},"end":{"line":11,"column":14}},"loc":{"start":{"line":11,"column":40},"end":{"line":15,"column":null}}}},"branchMap":{},"s":{"0":1,"1":7,"2":7,"3":7,"4":7,"5":1},"f":{"0":7,"1":7},"b":{}}
,"/home/valter/Documentos/Projetos/ReactClean/src/data/test/mock-http-post.ts": {"path":"/home/valter/Documentos/Projetos/ReactClean/src/data/test/mock-http-post.ts","statementMap":{"0":{"start":{"line":2,"column":0},"end":{"line":2,"column":26}},"1":{"start":{"line":4,"column":31},"end":{"line":7,"column":2}},"2":{"start":{"line":4,"column":59},"end":{"line":7,"column":2}},"3":{"start":{"line":4,"column":13},"end":{"line":4,"column":31}}},"fnMap":{"0":{"name":"(anonymous_1)","decl":{"start":{"line":4,"column":31},"end":{"line":4,"column":55}},"loc":{"start":{"line":4,"column":59},"end":{"line":7,"column":2}}}},"branchMap":{},"s":{"0":1,"1":1,"2":3,"3":1},"f":{"0":3},"b":{}}
,"/home/valter/Documentos/Projetos/ReactClean/src/data/useCases/authentication/remote-authentication.ts": {"path":"/home/valter/Documentos/Projetos/ReactClean/src/data/useCases/authentication/remote-authentication.ts","statementMap":{"0":{"start":{"line":3,"column":0},"end":{"line":3,"column":67}},"1":{"start":{"line":4,"column":0},"end":{"line":4,"column":82}},"2":{"start":{"line":5,"column":0},"end":{"line":5,"column":65}},"3":{"start":{"line":10,"column":25},"end":{"line":10,"column":36}},"4":{"start":{"line":11,"column":25},"end":{"line":11,"column":91}},"5":{"start":{"line":15,"column":29},"end":{"line":17,"column":10}},"6":{"start":{"line":18,"column":8},"end":{"line":25,"column":null}},"7":{"start":{"line":20,"column":16},"end":{"line":20,"column":null}},"8":{"start":{"line":22,"column":16},"end":{"line":22,"column":null}},"9":{"start":{"line":24,"column":16},"end":{"line":24,"column":null}},"10":{"start":{"line":8,"column":0},"end":{"line":8,"column":13}}},"fnMap":{"0":{"name":"(anonymous_7)","decl":{"start":{"line":9,"column":4},"end":{"line":9,"column":null}},"loc":{"start":{"line":11,"column":91},"end":{"line":12,"column":8}}},"1":{"name":"(anonymous_8)","decl":{"start":{"line":14,"column":10},"end":{"line":14,"column":14}},"loc":{"start":{"line":14,"column":44},"end":{"line":26,"column":null}}}},"branchMap":{"0":{"loc":{"start":{"line":18,"column":8},"end":{"line":25,"column":null}},"type":"switch","locations":[{"start":{"line":19,"column":12},"end":{"line":20,"column":null}},{"start":{"line":21,"column":12},"end":{"line":22,"column":null}},{"start":{"line":23,"column":12},"end":{"line":24,"column":null}}]}},"s":{"0":1,"1":1,"2":1,"3":7,"4":7,"5":7,"6":7,"7":3,"8":1,"9":3,"10":1},"f":{"0":7,"1":7},"b":{"0":[3,1,3]}}
,"/home/valter/Documentos/Projetos/ReactClean/src/domain/errors/invalid-credentials-error.ts": {"path":"/home/valter/Documentos/Projetos/ReactClean/src/domain/errors/invalid-credentials-error.ts","statementMap":{"0":{"start":{"line":3,"column":4},"end":{"line":3,"column":33}},"1":{"start":{"line":4,"column":4},"end":{"line":4,"column":42}},"2":{"start":{"line":1,"column":0},"end":{"line":1,"column":13}}},"fnMap":{"0":{"name":"(anonymous_0)","decl":{"start":{"line":2,"column":2},"end":{"line":2,"column":null}},"loc":{"start":{"line":2,"column":2},"end":{"line":5,"column":3}}}},"branchMap":{},"s":{"0":3,"1":3,"2":2},"f":{"0":3},"b":{}}
,"/home/valter/Documentos/Projetos/ReactClean/src/domain/errors/unexpected-error.ts": {"path":"/home/valter/Documentos/Projetos/ReactClean/src/domain/errors/unexpected-error.ts","statementMap":{"0":{"start":{"line":3,"column":4},"end":{"line":3,"column":67}},"1":{"start":{"line":4,"column":4},"end":{"line":4,"column":34}},"2":{"start":{"line":1,"column":0},"end":{"line":1,"column":13}}},"fnMap":{"0":{"name":"(anonymous_0)","decl":{"start":{"line":2,"column":2},"end":{"line":2,"column":null}},"loc":{"start":{"line":2,"column":2},"end":{"line":5,"column":3}}}},"branchMap":{},"s":{"0":6,"1":6,"2":1},"f":{"0":6},"b":{}}
,"/home/valter/Documentos/Projetos/ReactClean/src/domain/test/mock-account.ts": {"path":"/home/valter/Documentos/Projetos/ReactClean/src/domain/test/mock-account.ts","statementMap":{"0":{"start":{"line":2,"column":0},"end":{"line":2,"column":31}},"1":{"start":{"line":5,"column":34},"end":{"line":8,"column":2}},"2":{"start":{"line":5,"column":63},"end":{"line":8,"column":2}},"3":{"start":{"line":5,"column":13},"end":{"line":5,"column":34}},"4":{"start":{"line":10,"column":32},"end":{"line":12,"column":2}},"5":{"start":{"line":10,"column":53},"end":{"line":12,"column":2}},"6":{"start":{"line":10,"column":13},"end":{"line":10,"column":32}}},"fnMap":{"0":{"name":"(anonymous_6)","decl":{"start":{"line":5,"column":34},"end":{"line":5,"column":59}},"loc":{"start":{"line":5,"column":63},"end":{"line":8,"column":2}}},"1":{"name":"(anonymous_7)","decl":{"start":{"line":10,"column":32},"end":{"line":10,"column":49}},"loc":{"start":{"line":10,"column":53},"end":{"line":12,"column":2}}}},"branchMap":{},"s":{"0":2,"1":2,"2":7,"3":2,"4":2,"5":14,"6":2},"f":{"0":7,"1":14},"b":{}}
,"/home/valter/Documentos/Projetos/ReactClean/src/infra/http/axios-http-client/axios-http-client.ts": {"path":"/home/valter/Documentos/Projetos/ReactClean/src/infra/http/axios-http-client/axios-http-client.ts","statementMap":{"0":{"start":{"line":2,"column":0},"end":{"line":2,"column":43}},"1":{"start":{"line":8,"column":8},"end":{"line":12,"column":null}},"2":{"start":{"line":9,"column":12},"end":{"line":9,"column":null}},"3":{"start":{"line":11,"column":12},"end":{"line":11,"column":null}},"4":{"start":{"line":13,"column":8},"end":{"line":16,"column":null}},"5":{"start":{"line":5,"column":0},"end":{"line":5,"column":13}}},"fnMap":{"0":{"name":"(anonymous_8)","decl":{"start":{"line":6,"column":10},"end":{"line":6,"column":14}},"loc":{"start":{"line":6,"column":43},"end":{"line":17,"column":null}}}},"branchMap":{},"s":{"0":1,"1":3,"2":3,"3":1,"4":3,"5":1},"f":{"0":3},"b":{}}
,"/home/valter/Documentos/Projetos/ReactClean/src/infra/test/mock-axios.ts": {"path":"/home/valter/Documentos/Projetos/ReactClean/src/infra/test/mock-axios.ts","statementMap":{"0":{"start":{"line":1,"column":0},"end":{"line":1,"column":26}},"1":{"start":{"line":2,"column":0},"end":{"line":2,"column":26}},"2":{"start":{"line":4,"column":25},"end":{"line":11,"column":1}},"3":{"start":{"line":5,"column":24},"end":{"line":5,"column":58}},"4":{"start":{"line":6,"column":4},"end":{"line":9,"column":null}},"5":{"start":{"line":10,"column":4},"end":{"line":10,"column":23}},"6":{"start":{"line":4,"column":13},"end":{"line":4,"column":25}}},"fnMap":{"0":{"name":"(anonymous_1)","decl":{"start":{"line":4,"column":25},"end":{"line":4,"column":55}},"loc":{"start":{"line":4,"column":57},"end":{"line":11,"column":1}}}},"branchMap":{},"s":{"0":1,"1":1,"2":1,"3":3,"4":3,"5":3,"6":1},"f":{"0":3},"b":{}}
,"/home/valter/Documentos/Projetos/ReactClean/src/presentation/components/logo.tsx": {"path":"/home/valter/Documentos/Projetos/ReactClean/src/presentation/components/logo.tsx","statementMap":{"0":{"start":{"line":1,"column":0},"end":{"line":1,"column":31}},"1":{"start":{"line":4,"column":20},"end":{"line":8,"column":1}},"2":{"start":{"line":5,"column":4},"end":{"line":7,"column":6}},"3":{"start":{"line":4,"column":13},"end":{"line":4,"column":20}}},"fnMap":{"0":{"name":"(anonymous_6)","decl":{"start":{"line":4,"column":20},"end":{"line":4,"column":23}},"loc":{"start":{"line":4,"column":25},"end":{"line":8,"column":1}}}},"branchMap":{},"s":{"0":1,"1":1,"2":69,"3":1},"f":{"0":69},"b":{}}
,"/home/valter/Documentos/Projetos/ReactClean/src/presentation/components/ErrorForm/index.tsx": {"path":"/home/valter/Documentos/Projetos/ReactClean/src/presentation/components/ErrorForm/index.tsx","statementMap":{"0":{"start":{"line":1,"column":0},"end":{"line":1,"column":31}},"1":{"start":{"line":2,"column":0},"end":{"line":2,"column":41}},"2":{"start":{"line":3,"column":0},"end":{"line":3,"column":64}},"3":{"start":{"line":4,"column":0},"end":{"line":4,"column":69}},"4":{"start":{"line":5,"column":0},"end":{"line":5,"column":33}},"5":{"start":{"line":7,"column":25},"end":{"line":22,"column":1}},"6":{"start":{"line":9,"column":20},"end":{"line":9,"column":39}},"7":{"start":{"line":10,"column":38},"end":{"line":10,"column":43}},"8":{"start":{"line":12,"column":4},"end":{"line":21,"column":6}},"9":{"start":{"line":7,"column":13},"end":{"line":7,"column":25}}},"fnMap":{"0":{"name":"(anonymous_7)","decl":{"start":{"line":7,"column":25},"end":{"line":7,"column":28}},"loc":{"start":{"line":7,"column":30},"end":{"line":22,"column":1}}}},"branchMap":{"0":{"loc":{"start":{"line":15,"column":16},"end":{"line":15,"column":66}},"type":"binary-expr","locations":[{"start":{"line":15,"column":16},"end":{"line":15,"column":25}},{"start":{"line":15,"column":29},"end":{"line":15,"column":66}}]},"1":{"loc":{"start":{"line":18,"column":16},"end":{"line":18,"column":109}},"type":"binary-expr","locations":[{"start":{"line":18,"column":16},"end":{"line":18,"column":28}},{"start":{"line":18,"column":32},"end":{"line":18,"column":109}}]}},"s":{"0":1,"1":1,"2":1,"3":1,"4":1,"5":1,"6":69,"7":69,"8":69,"9":1},"f":{"0":69},"b":{"0":[69,10],"1":[69,1]}}
,"/home/valter/Documentos/Projetos/ReactClean/src/presentation/components/Footer/index.tsx": {"path":"/home/valter/Documentos/Projetos/ReactClean/src/presentation/components/Footer/index.tsx","statementMap":{"0":{"start":{"line":1,"column":0},"end":{"line":1,"column":31}},"1":{"start":{"line":2,"column":0},"end":{"line":2,"column":42}},"2":{"start":{"line":4,"column":22},"end":{"line":8,"column":1}},"3":{"start":{"line":5,"column":4},"end":{"line":7,"column":6}},"4":{"start":{"line":4,"column":13},"end":{"line":4,"column":22}}},"fnMap":{"0":{"name":"(anonymous_7)","decl":{"start":{"line":4,"column":22},"end":{"line":4,"column":25}},"loc":{"start":{"line":4,"column":27},"end":{"line":8,"column":1}}}},"branchMap":{},"s":{"0":1,"1":1,"2":1,"3":69,"4":1},"f":{"0":69},"b":{}}
,"/home/valter/Documentos/Projetos/ReactClean/src/presentation/components/FormLogin/index.tsx": {"path":"/home/valter/Documentos/Projetos/ReactClean/src/presentation/components/FormLogin/index.tsx","statementMap":{"0":{"start":{"line":2,"column":0},"end":{"line":2,"column":31}},"1":{"start":{"line":3,"column":0},"end":{"line":3,"column":46}},"2":{"start":{"line":4,"column":0},"end":{"line":4,"column":54}},"3":{"start":{"line":5,"column":0},"end":{"line":5,"column":69}},"4":{"start":{"line":6,"column":0},"end":{"line":6,"column":62}},"5":{"start":{"line":7,"column":0},"end":{"line":7,"column":51}},"6":{"start":{"line":10,"column":25},"end":{"line":49,"column":1}},"7":{"start":{"line":11,"column":20},"end":{"line":11,"column":33}},"8":{"start":{"line":12,"column":46},"end":{"line":12,"column":71}},"9":{"start":{"line":13,"column":25},"end":{"line":38,"column":6}},"10":{"start":{"line":13,"column":90},"end":{"line":38,"column":6}},"11":{"start":{"line":14,"column":8},"end":{"line":14,"column":31}},"12":{"start":{"line":16,"column":8},"end":{"line":37,"column":null}},"13":{"start":{"line":17,"column":12},"end":{"line":19,"column":null}},"14":{"start":{"line":18,"column":16},"end":{"line":18,"column":23}},"15":{"start":{"line":21,"column":12},"end":{"line":24,"column":null}},"16":{"start":{"line":25,"column":28},"end":{"line":28,"column":14}},"17":{"start":{"line":29,"column":12},"end":{"line":29,"column":69}},"18":{"start":{"line":30,"column":12},"end":{"line":30,"column":25}},"19":{"start":{"line":32,"column":12},"end":{"line":36,"column":null}},"20":{"start":{"line":39,"column":4},"end":{"line":48,"column":null}},"21":{"start":{"line":10,"column":13},"end":{"line":10,"column":25}}},"fnMap":{"0":{"name":"(anonymous_14)","decl":{"start":{"line":10,"column":25},"end":{"line":10,"column":28}},"loc":{"start":{"line":10,"column":30},"end":{"line":49,"column":1}}},"1":{"name":"(anonymous_15)","decl":{"start":{"line":13,"column":25},"end":{"line":13,"column":32}},"loc":{"start":{"line":13,"column":90},"end":{"line":38,"column":6}}},"2":{"name":"(anonymous_16)","decl":{"start":{"line":13,"column":90},"end":{"line":13,"column":null}},"loc":{"start":{"line":13,"column":90},"end":{"line":38,"column":5}}}},"branchMap":{"0":{"loc":{"start":{"line":17,"column":12},"end":{"line":19,"column":null}},"type":"if","locations":[{"start":{"line":17,"column":12},"end":{"line":19,"column":null}}]},"1":{"loc":{"start":{"line":17,"column":16},"end":{"line":17,"column":74}},"type":"binary-expr","locations":[{"start":{"line":17,"column":16},"end":{"line":17,"column":31}},{"start":{"line":17,"column":35},"end":{"line":17,"column":51}},{"start":{"line":17,"column":55},"end":{"line":17,"column":74}}]},"2":{"loc":{"start":{"line":44,"column":53},"end":{"line":44,"column":96}},"type":"binary-expr","locations":[{"start":{"line":44,"column":53},"end":{"line":44,"column":71}},{"start":{"line":44,"column":75},"end":{"line":44,"column":96}}]}},"s":{"0":1,"1":1,"2":1,"3":1,"4":1,"5":1,"6":1,"7":69,"8":69,"9":69,"10":8,"11":8,"12":8,"13":8,"14":2,"15":6,"16":6,"17":5,"18":5,"19":1,"20":69,"21":1},"f":{"0":69,"1":8,"2":8},"b":{"0":[2],"1":[8,7,6],"2":[69,63]}}
,"/home/valter/Documentos/Projetos/ReactClean/src/presentation/components/Input/index.tsx": {"path":"/home/valter/Documentos/Projetos/ReactClean/src/presentation/components/Input/index.tsx","statementMap":{"0":{"start":{"line":1,"column":0},"end":{"line":1,"column":31}},"1":{"start":{"line":2,"column":0},"end":{"line":2,"column":51}},"2":{"start":{"line":3,"column":0},"end":{"line":3,"column":69}},"3":{"start":{"line":4,"column":0},"end":{"line":4,"column":33}},"4":{"start":{"line":7,"column":39},"end":{"line":35,"column":1}},"5":{"start":{"line":8,"column":30},"end":{"line":8,"column":49}},"6":{"start":{"line":9,"column":24},"end":{"line":11,"column":5}},"7":{"start":{"line":10,"column":8},"end":{"line":10,"column":38}},"8":{"start":{"line":13,"column":25},"end":{"line":18,"column":5}},"9":{"start":{"line":14,"column":8},"end":{"line":17,"column":null}},"10":{"start":{"line":19,"column":18},"end":{"line":19,"column":45}},"11":{"start":{"line":21,"column":22},"end":{"line":23,"column":5}},"12":{"start":{"line":22,"column":8},"end":{"line":22,"column":35}},"13":{"start":{"line":25,"column":21},"end":{"line":27,"column":5}},"14":{"start":{"line":26,"column":8},"end":{"line":26,"column":38}},"15":{"start":{"line":29,"column":4},"end":{"line":34,"column":6}},"16":{"start":{"line":7,"column":13},"end":{"line":7,"column":39}}},"fnMap":{"0":{"name":"(anonymous_7)","decl":{"start":{"line":7,"column":39},"end":{"line":7,"column":40}},"loc":{"start":{"line":7,"column":56},"end":{"line":35,"column":1}}},"1":{"name":"(anonymous_8)","decl":{"start":{"line":9,"column":24},"end":{"line":9,"column":25}},"loc":{"start":{"line":9,"column":76},"end":{"line":11,"column":5}}},"2":{"name":"(anonymous_9)","decl":{"start":{"line":13,"column":25},"end":{"line":13,"column":26}},"loc":{"start":{"line":13,"column":77},"end":{"line":18,"column":5}}},"3":{"name":"(anonymous_10)","decl":{"start":{"line":21,"column":22},"end":{"line":21,"column":33}},"loc":{"start":{"line":21,"column":35},"end":{"line":23,"column":5}}},"4":{"name":"(anonymous_11)","decl":{"start":{"line":25,"column":21},"end":{"line":25,"column":32}},"loc":{"start":{"line":25,"column":34},"end":{"line":27,"column":5}}}},"branchMap":{"0":{"loc":{"start":{"line":22,"column":15},"end":{"line":22,"column":34}},"type":"cond-expr","locations":[{"start":{"line":22,"column":23},"end":{"line":22,"column":27}},{"start":{"line":22,"column":30},"end":{"line":22,"column":34}}]},"1":{"loc":{"start":{"line":26,"column":15},"end":{"line":26,"column":37}},"type":"binary-expr","locations":[{"start":{"line":26,"column":15},"end":{"line":26,"column":20}},{"start":{"line":26,"column":24},"end":{"line":26,"column":37}}]}},"s":{"0":2,"1":2,"2":2,"3":2,"4":2,"5":140,"6":140,"7":1,"8":140,"9":18,"10":140,"11":140,"12":140,"13":140,"14":140,"15":140,"16":2},"f":{"0":140,"1":1,"2":18,"3":140,"4":140},"b":{"0":[12,128],"1":[140,128]}}
,"/home/valter/Documentos/Projetos/ReactClean/src/presentation/components/context/form-context.ts": {"path":"/home/valter/Documentos/Projetos/ReactClean/src/presentation/components/context/form-context.ts","statementMap":{"0":{"start":{"line":1,"column":0},"end":{"line":1,"column":36}},"1":{"start":{"line":2,"column":0},"end":{"line":2,"column":null}}},"fnMap":{},"branchMap":{},"s":{"0":2,"1":2},"f":{},"b":{}}
,"/home/valter/Documentos/Projetos/ReactClean/src/presentation/components/loginHeader/index.tsx": {"path":"/home/valter/Documentos/Projetos/ReactClean/src/presentation/components/loginHeader/index.tsx","statementMap":{"0":{"start":{"line":1,"column":0},"end":{"line":1,"column":31}},"1":{"start":{"line":2,"column":0},"end":{"line":2,"column":48}},"2":{"start":{"line":3,"column":0},"end":{"line":3,"column":52}},"3":{"start":{"line":5,"column":20},"end":{"line":12,"column":1}},"4":{"start":{"line":6,"column":4},"end":{"line":11,"column":6}},"5":{"start":{"line":14,"column":0},"end":{"line":14,"column":27}}},"fnMap":{"0":{"name":"(anonymous_7)","decl":{"start":{"line":5,"column":20},"end":{"line":5,"column":23}},"loc":{"start":{"line":5,"column":25},"end":{"line":12,"column":1}}}},"branchMap":{},"s":{"0":1,"1":1,"2":1,"3":1,"4":69,"5":1},"f":{"0":69},"b":{}}
,"/home/valter/Documentos/Projetos/ReactClean/src/presentation/components/spinner/spinner.tsx": {"path":"/home/valter/Documentos/Projetos/ReactClean/src/presentation/components/spinner/spinner.tsx","statementMap":{"0":{"start":{"line":1,"column":0},"end":{"line":1,"column":31}},"1":{"start":{"line":2,"column":0},"end":{"line":2,"column":42}},"2":{"start":{"line":5,"column":34},"end":{"line":14,"column":1}},"3":{"start":{"line":6,"column":4},"end":{"line":13,"column":6}},"4":{"start":{"line":16,"column":0},"end":{"line":16,"column":23}}},"fnMap":{"0":{"name":"(anonymous_7)","decl":{"start":{"line":5,"column":34},"end":{"line":5,"column":35}},"loc":{"start":{"line":5,"column":51},"end":{"line":14,"column":1}}}},"branchMap":{},"s":{"0":1,"1":1,"2":1,"3":10,"4":1},"f":{"0":10},"b":{}}
,"/home/valter/Documentos/Projetos/ReactClean/src/presentation/pages/login/login.tsx": {"path":"/home/valter/Documentos/Projetos/ReactClean/src/presentation/pages/login/login.tsx","statementMap":{"0":{"start":{"line":1,"column":0},"end":{"line":1,"column":31}},"1":{"start":{"line":2,"column":0},"end":{"line":2,"column":40}},"2":{"start":{"line":3,"column":0},"end":{"line":3,"column":64}},"3":{"start":{"line":4,"column":0},"end":{"line":4,"column":62}},"4":{"start":{"line":5,"column":0},"end":{"line":5,"column":56}},"5":{"start":{"line":6,"column":0},"end":{"line":6,"column":42}},"6":{"start":{"line":7,"column":0},"end":{"line":7,"column":69}},"7":{"start":{"line":16,"column":31},"end":{"line":43,"column":1}},"8":{"start":{"line":17,"column":30},"end":{"line":24,"column":6}},"9":{"start":{"line":26,"column":4},"end":{"line":32,"column":38}},"10":{"start":{"line":27,"column":8},"end":{"line":31,"column":null}},"11":{"start":{"line":34,"column":4},"end":{"line":42,"column":6}},"12":{"start":{"line":45,"column":0},"end":{"line":45,"column":null}}},"fnMap":{"0":{"name":"(anonymous_7)","decl":{"start":{"line":16,"column":31},"end":{"line":16,"column":32}},"loc":{"start":{"line":16,"column":70},"end":{"line":43,"column":1}}},"1":{"name":"(anonymous_8)","decl":{"start":{"line":26,"column":14},"end":{"line":26,"column":17}},"loc":{"start":{"line":26,"column":19},"end":{"line":32,"column":5}}}},"branchMap":{},"s":{"0":1,"1":1,"2":1,"3":1,"4":1,"5":1,"6":1,"7":1,"8":69,"9":69,"10":31,"11":69,"12":1},"f":{"0":69,"1":31},"b":{}}
,"/home/valter/Documentos/Projetos/ReactClean/src/presentation/test/index.ts": {"path":"/home/valter/Documentos/Projetos/ReactClean/src/presentation/test/index.ts","statementMap":{"0":{"start":{"line":1,"column":0},"end":{"line":1,"column":33}}},"fnMap":{},"branchMap":{},"s":{"0":1},"f":{},"b":{}}
,"/home/valter/Documentos/Projetos/ReactClean/src/presentation/test/mock-authentication.ts": {"path":"/home/valter/Documentos/Projetos/ReactClean/src/presentation/test/mock-authentication.ts","statementMap":{"0":{"start":{"line":2,"column":0},"end":{"line":2,"column":60}},"1":{"start":{"line":6,"column":4},"end":{"line":6,"column":null}},"2":{"start":{"line":8,"column":4},"end":{"line":8,"column":null}},"3":{"start":{"line":10,"column":8},"end":{"line":10,"column":null}},"4":{"start":{"line":11,"column":8},"end":{"line":11,"column":null}},"5":{"start":{"line":12,"column":8},"end":{"line":12,"column":null}},"6":{"start":{"line":5,"column":0},"end":{"line":5,"column":13}}},"fnMap":{"0":{"name":"(anonymous_7)","decl":{"start":{"line":5,"column":0},"end":{"line":5,"column":13}},"loc":{"start":{"line":5,"column":0},"end":{"line":14,"column":1}}},"1":{"name":"(anonymous_8)","decl":{"start":{"line":9,"column":10},"end":{"line":9,"column":14}},"loc":{"start":{"line":9,"column":44},"end":{"line":13,"column":null}}}},"branchMap":{},"s":{"0":1,"1":13,"2":13,"3":5,"4":5,"5":5,"6":1},"f":{"0":13,"1":5},"b":{}}
,"/home/valter/Documentos/Projetos/ReactClean/src/presentation/test/mock-validation.ts": {"path":"/home/valter/Documentos/Projetos/ReactClean/src/presentation/test/mock-validation.ts","statementMap":{"0":{"start":{"line":6,"column":8},"end":{"line":6,"column":33}},"1":{"start":{"line":3,"column":0},"end":{"line":3,"column":13}}},"fnMap":{"0":{"name":"(anonymous_0)","decl":{"start":{"line":5,"column":4},"end":{"line":5,"column":12}},"loc":{"start":{"line":5,"column":50},"end":{"line":7,"column":5}}}},"branchMap":{},"s":{"0":62,"1":1},"f":{"0":62},"b":{}}
,"/home/valter/Documentos/Projetos/ReactClean/src/validation/errors/invalid-field-error.ts": {"path":"/home/valter/Documentos/Projetos/ReactClean/src/validation/errors/invalid-field-error.ts","statementMap":{"0":{"start":{"line":3,"column":8},"end":{"line":3,"column":45}},"1":{"start":{"line":2,"column":26},"end":{"line":2,"column":39}},"2":{"start":{"line":1,"column":0},"end":{"line":1,"column":13}}},"fnMap":{"0":{"name":"(anonymous_0)","decl":{"start":{"line":2,"column":4},"end":{"line":2,"column":26}},"loc":{"start":{"line":2,"column":39},"end":{"line":4,"column":5}}}},"branchMap":{},"s":{"0":4,"1":4,"2":4},"f":{"0":4},"b":{}}
,"/home/valter/Documentos/Projetos/ReactClean/src/validation/errors/required-field-error.ts": {"path":"/home/valter/Documentos/Projetos/ReactClean/src/validation/errors/required-field-error.ts","statementMap":{"0":{"start":{"line":3,"column":8},"end":{"line":3,"column":46}},"1":{"start":{"line":2,"column":25},"end":{"line":2,"column":38}},"2":{"start":{"line":4,"column":8},"end":{"line":4,"column":41}},"3":{"start":{"line":1,"column":0},"end":{"line":1,"column":13}}},"fnMap":{"0":{"name":"(anonymous_0)","decl":{"start":{"line":2,"column":4},"end":{"line":2,"column":25}},"loc":{"start":{"line":2,"column":38},"end":{"line":5,"column":5}}}},"branchMap":{},"s":{"0":2,"1":2,"2":2,"3":3},"f":{"0":2},"b":{}}
,"/home/valter/Documentos/Projetos/ReactClean/src/validation/test/field-validation-spy.ts": {"path":"/home/valter/Documentos/Projetos/ReactClean/src/validation/test/field-validation-spy.ts","statementMap":{"0":{"start":{"line":5,"column":25},"end":{"line":5,"column":38}},"1":{"start":{"line":4,"column":4},"end":{"line":4,"column":24}},"2":{"start":{"line":7,"column":8},"end":{"line":7,"column":null}},"3":{"start":{"line":3,"column":0},"end":{"line":3,"column":13}}},"fnMap":{"0":{"name":"(anonymous_0)","decl":{"start":{"line":5,"column":4},"end":{"line":5,"column":25}},"loc":{"start":{"line":5,"column":38},"end":{"line":5,"column":42}}},"1":{"name":"(anonymous_1)","decl":{"start":{"line":6,"column":4},"end":{"line":6,"column":12}},"loc":{"start":{"line":6,"column":31},"end":{"line":8,"column":5}}}},"branchMap":{},"s":{"0":4,"1":4,"2":3,"3":1},"f":{"0":4,"1":3},"b":{}}
,"/home/valter/Documentos/Projetos/ReactClean/src/validation/validators/builder/validation-builder.ts": {"path":"/home/valter/Documentos/Projetos/ReactClean/src/validation/validators/builder/validation-builder.ts","statementMap":{"0":{"start":{"line":2,"column":0},"end":{"line":2,"column":104}},"1":{"start":{"line":3,"column":0},"end":{"line":3,"column":79}},"2":{"start":{"line":4,"column":0},"end":{"line":4,"column":92}},"3":{"start":{"line":8,"column":25},"end":{"line":8,"column":42}},"4":{"start":{"line":9,"column":25},"end":{"line":9,"column":55}},"5":{"start":{"line":12,"column":8},"end":{"line":12,"column":52}},"6":{"start":{"line":16,"column":8},"end":{"line":16,"column":75}},"7":{"start":{"line":17,"column":8},"end":{"line":17,"column":null}},"8":{"start":{"line":21,"column":8},"end":{"line":21,"column":67}},"9":{"start":{"line":22,"column":8},"end":{"line":22,"column":null}},"10":{"start":{"line":26,"column":8},"end":{"line":26,"column":78}},"11":{"start":{"line":27,"column":8},"end":{"line":27,"column":null}},"12":{"start":{"line":31,"column":8},"end":{"line":31,"column":32}},"13":{"start":{"line":6,"column":0},"end":{"line":6,"column":13}}},"fnMap":{"0":{"name":"(anonymous_0)","decl":{"start":{"line":7,"column":4},"end":{"line":7,"column":null}},"loc":{"start":{"line":9,"column":55},"end":{"line":10,"column":8}}},"1":{"name":"(anonymous_1)","decl":{"start":{"line":11,"column":4},"end":{"line":11,"column":10}},"loc":{"start":{"line":11,"column":35},"end":{"line":13,"column":5}}},"2":{"name":"(anonymous_2)","decl":{"start":{"line":15,"column":4},"end":{"line":15,"column":12}},"loc":{"start":{"line":15,"column":12},"end":{"line":18,"column":5}}},"3":{"name":"(anonymous_3)","decl":{"start":{"line":20,"column":4},"end":{"line":20,"column":9}},"loc":{"start":{"line":20,"column":9},"end":{"line":23,"column":5}}},"4":{"name":"(anonymous_4)","decl":{"start":{"line":25,"column":4},"end":{"line":25,"column":7}},"loc":{"start":{"line":25,"column":23},"end":{"line":28,"column":5}}},"5":{"name":"(anonymous_5)","decl":{"start":{"line":30,"column":4},"end":{"line":30,"column":9}},"loc":{"start":{"line":30,"column":9},"end":{"line":32,"column":5}}}},"branchMap":{},"s":{"0":2,"1":2,"2":2,"3":8,"4":8,"5":8,"6":6,"7":6,"8":4,"9":4,"10":4,"11":4,"12":8,"13":2},"f":{"0":8,"1":8,"2":6,"3":4,"4":4,"5":8},"b":{}}
,"/home/valter/Documentos/Projetos/ReactClean/src/validation/validators/email/email-validation.ts": {"path":"/home/valter/Documentos/Projetos/ReactClean/src/validation/validators/email/email-validation.ts","statementMap":{"0":{"start":{"line":2,"column":0},"end":{"line":2,"column":74}},"1":{"start":{"line":5,"column":26},"end":{"line":5,"column":39}},"2":{"start":{"line":8,"column":27},"end":{"line":8,"column":145}},"3":{"start":{"line":9,"column":8},"end":{"line":9,"column":null}},"4":{"start":{"line":4,"column":0},"end":{"line":4,"column":13}}},"fnMap":{"0":{"name":"(anonymous_0)","decl":{"start":{"line":5,"column":4},"end":{"line":5,"column":26}},"loc":{"start":{"line":5,"column":39},"end":{"line":5,"column":43}}},"1":{"name":"(anonymous_1)","decl":{"start":{"line":7,"column":4},"end":{"line":7,"column":12}},"loc":{"start":{"line":7,"column":31},"end":{"line":10,"column":5}}}},"branchMap":{"0":{"loc":{"start":{"line":9,"column":15},"end":{"line":9,"column":102}},"type":"cond-expr","locations":[{"start":{"line":9,"column":62},"end":{"line":9,"column":66}},{"start":{"line":9,"column":69},"end":{"line":9,"column":102}}]},"1":{"loc":{"start":{"line":9,"column":16},"end":{"line":9,"column":58}},"type":"binary-expr","locations":[{"start":{"line":9,"column":16},"end":{"line":9,"column":27}},{"start":{"line":9,"column":31},"end":{"line":9,"column":58}}]}},"s":{"0":3,"1":9,"2":3,"3":3,"4":3},"f":{"0":9,"1":3},"b":{"0":[2,1],"1":[3,2]}}
,"/home/valter/Documentos/Projetos/ReactClean/src/validation/validators/min-lenght/min-lenght-validation.ts": {"path":"/home/valter/Documentos/Projetos/ReactClean/src/validation/validators/min-lenght/min-lenght-validation.ts","statementMap":{"0":{"start":{"line":2,"column":0},"end":{"line":2,"column":74}},"1":{"start":{"line":5,"column":25},"end":{"line":5,"column":38}},"2":{"start":{"line":5,"column":57},"end":{"line":5,"column":74}},"3":{"start":{"line":7,"column":8},"end":{"line":7,"column":94}},"4":{"start":{"line":4,"column":0},"end":{"line":4,"column":13}}},"fnMap":{"0":{"name":"(anonymous_0)","decl":{"start":{"line":5,"column":4},"end":{"line":5,"column":25}},"loc":{"start":{"line":5,"column":74},"end":{"line":5,"column":78}}},"1":{"name":"(anonymous_1)","decl":{"start":{"line":6,"column":4},"end":{"line":6,"column":12}},"loc":{"start":{"line":6,"column":31},"end":{"line":8,"column":5}}}},"branchMap":{"0":{"loc":{"start":{"line":7,"column":15},"end":{"line":7,"column":93}},"type":"cond-expr","locations":[{"start":{"line":7,"column":53},"end":{"line":7,"column":57}},{"start":{"line":7,"column":60},"end":{"line":7,"column":93}}]}},"s":{"0":3,"1":8,"2":8,"3":2,"4":3},"f":{"0":8,"1":2},"b":{"0":[1,1]}}
,"/home/valter/Documentos/Projetos/ReactClean/src/validation/validators/require-field/required-field-validation.ts": {"path":"/home/valter/Documentos/Projetos/ReactClean/src/validation/validators/require-field/required-field-validation.ts","statementMap":{"0":{"start":{"line":2,"column":0},"end":{"line":2,"column":76}},"1":{"start":{"line":5,"column":26},"end":{"line":5,"column":39}},"2":{"start":{"line":8,"column":8},"end":{"line":8,"column":66}},"3":{"start":{"line":4,"column":0},"end":{"line":4,"column":13}}},"fnMap":{"0":{"name":"(anonymous_0)","decl":{"start":{"line":5,"column":4},"end":{"line":5,"column":26}},"loc":{"start":{"line":5,"column":39},"end":{"line":5,"column":42}}},"1":{"name":"(anonymous_1)","decl":{"start":{"line":7,"column":4},"end":{"line":7,"column":12}},"loc":{"start":{"line":7,"column":26},"end":{"line":9,"column":5}}}},"branchMap":{"0":{"loc":{"start":{"line":8,"column":16},"end":{"line":8,"column":65}},"type":"cond-expr","locations":[{"start":{"line":8,"column":24},"end":{"line":8,"column":28}},{"start":{"line":8,"column":31},"end":{"line":8,"column":65}}]}},"s":{"0":3,"1":10,"2":2,"3":3},"f":{"0":10,"1":2},"b":{"0":[1,1]}}
,"/home/valter/Documentos/Projetos/ReactClean/src/validation/validators/validation-composite/validation-composite.ts": {"path":"/home/valter/Documentos/Projetos/ReactClean/src/validation/validators/validation-composite/validation-composite.ts","statementMap":{"0":{"start":{"line":5,"column":41},"end":{"line":5,"column":70}},"1":{"start":{"line":8,"column":8},"end":{"line":8,"column":51}},"2":{"start":{"line":12,"column":27},"end":{"line":12,"column":93}},"3":{"start":{"line":12,"column":63},"end":{"line":12,"column":92}},"4":{"start":{"line":13,"column":8},"end":{"line":19,"column":null}},"5":{"start":{"line":15,"column":26},"end":{"line":15,"column":56}},"6":{"start":{"line":16,"column":12},"end":{"line":18,"column":null}},"7":{"start":{"line":17,"column":16},"end":{"line":17,"column":null}},"8":{"start":{"line":20,"column":8},"end":{"line":20,"column":null}},"9":{"start":{"line":4,"column":0},"end":{"line":4,"column":13}}},"fnMap":{"0":{"name":"(anonymous_0)","decl":{"start":{"line":5,"column":4},"end":{"line":5,"column":41}},"loc":{"start":{"line":5,"column":70},"end":{"line":5,"column":74}}},"1":{"name":"(anonymous_1)","decl":{"start":{"line":7,"column":4},"end":{"line":7,"column":10}},"loc":{"start":{"line":7,"column":46},"end":{"line":9,"column":5}}},"2":{"name":"(anonymous_2)","decl":{"start":{"line":11,"column":4},"end":{"line":11,"column":12}},"loc":{"start":{"line":11,"column":50},"end":{"line":21,"column":5}}},"3":{"name":"(anonymous_3)","decl":{"start":{"line":12,"column":50},"end":{"line":12,"column":59}},"loc":{"start":{"line":12,"column":63},"end":{"line":12,"column":92}}}},"branchMap":{"0":{"loc":{"start":{"line":16,"column":12},"end":{"line":18,"column":null}},"type":"if","locations":[{"start":{"line":16,"column":12},"end":{"line":18,"column":null}}]}},"s":{"0":4,"1":4,"2":2,"3":4,"4":2,"5":3,"6":3,"7":1,"8":1,"9":2},"f":{"0":4,"1":4,"2":2,"3":4},"b":{"0":[1]}}
}
