TN:
SF:src/data/protocols/http/http-response.ts
FN:1,(anonymous_0)
FNF:1
FNH:1
FNDA:1,(anonymous_0)
DA:1,1
DA:2,1
DA:3,1
DA:4,1
DA:5,1
DA:6,1
DA:7,1
LF:7
LH:7
BRDA:1,0,0,1
BRDA:1,0,1,1
BRF:2
BRH:2
end_of_record
TN:
SF:src/data/test/mock-http-client.ts
FN:4,(anonymous_7)
FN:11,(anonymous_8)
FNF:2
FNH:2
FNDA:7,(anonymous_7)
FNDA:7,(anonymous_8)
DA:2,1
DA:4,1
DA:7,7
DA:12,7
DA:13,7
DA:14,7
LF:6
LH:6
BRF:0
BRH:0
end_of_record
TN:
SF:src/data/test/mock-http-post.ts
FN:4,(anonymous_1)
FNF:1
FNH:1
FNDA:3,(anonymous_1)
DA:2,1
DA:4,3
LF:2
LH:2
BRF:0
BRH:0
end_of_record
TN:
SF:src/data/useCases/authentication/remote-authentication.ts
FN:9,(anonymous_7)
FN:14,(anonymous_8)
FNF:2
FNH:2
FNDA:7,(anonymous_7)
FNDA:7,(anonymous_8)
DA:3,1
DA:4,1
DA:5,1
DA:8,1
DA:10,7
DA:11,7
DA:15,7
DA:18,7
DA:20,3
DA:22,1
DA:24,3
LF:11
LH:11
BRDA:18,0,0,3
BRDA:18,0,1,1
BRDA:18,0,2,3
BRF:3
BRH:3
end_of_record
TN:
SF:src/domain/errors/invalid-credentials-error.ts
FN:2,(anonymous_0)
FNF:1
FNH:1
FNDA:3,(anonymous_0)
DA:1,2
DA:3,3
DA:4,3
LF:3
LH:3
BRF:0
BRH:0
end_of_record
TN:
SF:src/domain/errors/unexpected-error.ts
FN:2,(anonymous_0)
FNF:1
FNH:1
FNDA:6,(anonymous_0)
DA:1,1
DA:3,6
DA:4,6
LF:3
LH:3
BRF:0
BRH:0
end_of_record
TN:
SF:src/domain/test/mock-account.ts
FN:5,(anonymous_6)
FN:10,(anonymous_7)
FNF:2
FNH:2
FNDA:7,(anonymous_6)
FNDA:14,(anonymous_7)
DA:2,2
DA:5,7
DA:10,14
LF:3
LH:3
BRF:0
BRH:0
end_of_record
TN:
SF:src/infra/http/axios-http-client/axios-http-client.ts
FN:6,(anonymous_8)
FNF:1
FNH:1
FNDA:3,(anonymous_8)
DA:2,1
DA:5,1
DA:8,3
DA:9,3
DA:11,1
DA:13,3
LF:6
LH:6
BRF:0
BRH:0
end_of_record
TN:
SF:src/infra/test/mock-axios.ts
FN:4,(anonymous_1)
FNF:1
FNH:1
FNDA:3,(anonymous_1)
DA:1,1
DA:2,1
DA:4,1
DA:5,3
DA:6,3
DA:10,3
LF:6
LH:6
BRF:0
BRH:0
end_of_record
TN:
SF:src/presentation/components/logo.tsx
FN:4,(anonymous_6)
FNF:1
FNH:1
FNDA:69,(anonymous_6)
DA:1,1
DA:4,1
DA:5,69
LF:3
LH:3
BRF:0
BRH:0
end_of_record
TN:
SF:src/presentation/components/ErrorForm/index.tsx
FN:7,(anonymous_7)
FNF:1
FNH:1
FNDA:69,(anonymous_7)
DA:1,1
DA:2,1
DA:3,1
DA:4,1
DA:5,1
DA:7,1
DA:9,69
DA:10,69
DA:12,69
LF:9
LH:9
BRDA:15,0,0,69
BRDA:15,0,1,10
BRDA:18,1,0,69
BRDA:18,1,1,1
BRF:4
BRH:4
end_of_record
TN:
SF:src/presentation/components/Footer/index.tsx
FN:4,(anonymous_7)
FNF:1
FNH:1
FNDA:69,(anonymous_7)
DA:1,1
DA:2,1
DA:4,1
DA:5,69
LF:4
LH:4
BRF:0
BRH:0
end_of_record
TN:
SF:src/presentation/components/FormLogin/index.tsx
FN:10,(anonymous_14)
FN:13,(anonymous_15)
FN:13,(anonymous_16)
FNF:3
FNH:3
FNDA:69,(anonymous_14)
FNDA:8,(anonymous_15)
FNDA:8,(anonymous_16)
DA:2,1
DA:3,1
DA:4,1
DA:5,1
DA:6,1
DA:7,1
DA:10,1
DA:11,69
DA:12,69
DA:13,69
DA:14,8
DA:16,8
DA:17,8
DA:18,2
DA:21,6
DA:25,6
DA:29,5
DA:30,5
DA:32,1
DA:39,69
LF:20
LH:20
BRDA:17,0,0,2
BRDA:17,1,0,8
BRDA:17,1,1,7
BRDA:17,1,2,6
BRDA:44,2,0,69
BRDA:44,2,1,63
BRF:6
BRH:6
end_of_record
TN:
SF:src/presentation/components/Input/index.tsx
FN:7,(anonymous_7)
FN:9,(anonymous_8)
FN:13,(anonymous_9)
FN:21,(anonymous_10)
FN:25,(anonymous_11)
FNF:5
FNH:5
FNDA:140,(anonymous_7)
FNDA:1,(anonymous_8)
FNDA:18,(anonymous_9)
FNDA:140,(anonymous_10)
FNDA:140,(anonymous_11)
DA:1,2
DA:2,2
DA:3,2
DA:4,2
DA:7,2
DA:8,140
DA:9,140
DA:10,1
DA:13,140
DA:14,18
DA:19,140
DA:21,140
DA:22,140
DA:25,140
DA:26,140
DA:29,140
LF:16
LH:16
BRDA:22,0,0,12
BRDA:22,0,1,128
BRDA:26,1,0,140
BRDA:26,1,1,128
BRF:4
BRH:4
end_of_record
TN:
SF:src/presentation/components/context/form-context.ts
FNF:0
FNH:0
DA:1,2
DA:2,2
LF:2
LH:2
BRF:0
BRH:0
end_of_record
TN:
SF:src/presentation/components/loginHeader/index.tsx
FN:5,(anonymous_7)
FNF:1
FNH:1
FNDA:69,(anonymous_7)
DA:1,1
DA:2,1
DA:3,1
DA:5,1
DA:6,69
DA:14,1
LF:6
LH:6
BRF:0
BRH:0
end_of_record
TN:
SF:src/presentation/components/spinner/spinner.tsx
FN:5,(anonymous_7)
FNF:1
FNH:1
FNDA:10,(anonymous_7)
DA:1,1
DA:2,1
DA:5,1
DA:6,10
DA:16,1
LF:5
LH:5
BRF:0
BRH:0
end_of_record
TN:
SF:src/presentation/pages/login/login.tsx
FN:16,(anonymous_7)
FN:26,(anonymous_8)
FNF:2
FNH:2
FNDA:69,(anonymous_7)
FNDA:31,(anonymous_8)
DA:1,1
DA:2,1
DA:3,1
DA:4,1
DA:5,1
DA:6,1
DA:7,1
DA:16,1
DA:17,69
DA:26,69
DA:27,31
DA:34,69
DA:45,1
LF:13
LH:13
BRF:0
BRH:0
end_of_record
TN:
SF:src/presentation/test/index.ts
FNF:0
FNH:0
DA:1,1
LF:1
LH:1
BRF:0
BRH:0
end_of_record
TN:
SF:src/presentation/test/mock-authentication.ts
FN:5,(anonymous_7)
FN:9,(anonymous_8)
FNF:2
FNH:2
FNDA:13,(anonymous_7)
FNDA:5,(anonymous_8)
DA:2,1
DA:5,1
DA:6,13
DA:8,13
DA:10,5
DA:11,5
DA:12,5
LF:7
LH:7
BRF:0
BRH:0
end_of_record
TN:
SF:src/presentation/test/mock-validation.ts
FN:5,(anonymous_0)
FNF:1
FNH:1
FNDA:62,(anonymous_0)
DA:3,1
DA:6,62
LF:2
LH:2
BRF:0
BRH:0
end_of_record
TN:
SF:src/validation/errors/invalid-field-error.ts
FN:2,(anonymous_0)
FNF:1
FNH:1
FNDA:4,(anonymous_0)
DA:1,4
DA:2,4
DA:3,4
LF:3
LH:3
BRF:0
BRH:0
end_of_record
TN:
SF:src/validation/errors/required-field-error.ts
FN:2,(anonymous_0)
FNF:1
FNH:1
FNDA:2,(anonymous_0)
DA:1,3
DA:2,2
DA:3,2
DA:4,2
LF:4
LH:4
BRF:0
BRH:0
end_of_record
TN:
SF:src/validation/test/field-validation-spy.ts
FN:5,(anonymous_0)
FN:6,(anonymous_1)
FNF:2
FNH:2
FNDA:4,(anonymous_0)
FNDA:3,(anonymous_1)
DA:3,1
DA:4,4
DA:5,4
DA:7,3
LF:4
LH:4
BRF:0
BRH:0
end_of_record
TN:
SF:src/validation/validators/builder/validation-builder.ts
FN:7,(anonymous_0)
FN:11,(anonymous_1)
FN:15,(anonymous_2)
FN:20,(anonymous_3)
FN:25,(anonymous_4)
FN:30,(anonymous_5)
FNF:6
FNH:6
FNDA:8,(anonymous_0)
FNDA:8,(anonymous_1)
FNDA:6,(anonymous_2)
FNDA:4,(anonymous_3)
FNDA:4,(anonymous_4)
FNDA:8,(anonymous_5)
DA:2,2
DA:3,2
DA:4,2
DA:6,2
DA:8,8
DA:9,8
DA:12,8
DA:16,6
DA:17,6
DA:21,4
DA:22,4
DA:26,4
DA:27,4
DA:31,8
LF:14
LH:14
BRF:0
BRH:0
end_of_record
TN:
SF:src/validation/validators/email/email-validation.ts
FN:5,(anonymous_0)
FN:7,(anonymous_1)
FNF:2
FNH:2
FNDA:9,(anonymous_0)
FNDA:3,(anonymous_1)
DA:2,3
DA:4,3
DA:5,9
DA:8,3
DA:9,3
LF:5
LH:5
BRDA:9,0,0,2
BRDA:9,0,1,1
BRDA:9,1,0,3
BRDA:9,1,1,2
BRF:4
BRH:4
end_of_record
TN:
SF:src/validation/validators/min-lenght/min-lenght-validation.ts
FN:5,(anonymous_0)
FN:6,(anonymous_1)
FNF:2
FNH:2
FNDA:8,(anonymous_0)
FNDA:2,(anonymous_1)
DA:2,3
DA:4,3
DA:5,8
DA:7,2
LF:4
LH:4
BRDA:7,0,0,1
BRDA:7,0,1,1
BRF:2
BRH:2
end_of_record
TN:
SF:src/validation/validators/require-field/required-field-validation.ts
FN:5,(anonymous_0)
FN:7,(anonymous_1)
FNF:2
FNH:2
FNDA:10,(anonymous_0)
FNDA:2,(anonymous_1)
DA:2,3
DA:4,3
DA:5,10
DA:8,2
LF:4
LH:4
BRDA:8,0,0,1
BRDA:8,0,1,1
BRF:2
BRH:2
end_of_record
TN:
SF:src/validation/validators/validation-composite/validation-composite.ts
FN:5,(anonymous_0)
FN:7,(anonymous_1)
FN:11,(anonymous_2)
FN:12,(anonymous_3)
FNF:4
FNH:4
FNDA:4,(anonymous_0)
FNDA:4,(anonymous_1)
FNDA:2,(anonymous_2)
FNDA:4,(anonymous_3)
DA:4,2
DA:5,4
DA:8,4
DA:12,4
DA:13,2
DA:15,3
DA:16,3
DA:17,1
DA:20,1
LF:9
LH:9
BRDA:16,0,0,1
BRF:1
BRH:1
end_of_record
